<?xml version="1.0" encoding="UTF-8"?>
<!-- Generated by org.testng.reporters.JUnitReportReporter -->
<testsuite hostname="LAPTOP-VOS5FRST" failures="0" tests="2" name="com.dataDriven.testcases.Signin" time="108.141" errors="0" timestamp="2021-03-10T16:33:01 IST" skipped="0">
  <testcase classname="com.dataDriven.testcases.Signin" name="getdata" time="0.019"/>
  <system-out/>
  <testcase classname="com.dataDriven.testcases.Signin" name="signin" time="108.122"/>
  <system-out/>
</testsuite> <!-- com.dataDriven.testcases.Signin -->
